2016-07-18 01:06:21,658 - Mock Version: 1.2.18
2016-07-18 01:06:21,772 - Start: dnf install
2016-07-18 01:13:40,500 - Start: clean chroot
2016-07-18 01:13:40,716 - Finish: clean chroot
2016-07-18 01:24:20,752 - Mock Version: 1.2.18
2016-07-18 01:24:20,861 - Start: dnf install
2016-07-18 01:33:51,187 - Finish: dnf install
2016-07-18 01:33:52,488 - Start: creating cache
2016-07-18 01:34:02,748 - Finish: creating cache
2016-07-18 01:34:02,749 - Finish: chroot init
2016-07-18 01:34:02,802 - Start: build phase for icaro-1.0.4-1.fc25.src.rpm
2016-07-18 01:34:02,806 - Start: build setup for icaro-1.0.4-1.fc25.src.rpm
2016-07-18 01:38:01,311 - Finish: build setup for icaro-1.0.4-1.fc25.src.rpm
2016-07-18 01:38:01,311 - Start: rpmbuild icaro-1.0.4-1.fc25.src.rpm
2016-07-18 01:38:01,421 - Start: clean chroot
2016-07-18 01:38:05,768 - Finish: clean chroot
2016-07-18 01:38:41,558 - Mock Version: 1.2.18
2016-07-18 01:38:42,105 - Start: dnf update
2016-07-18 01:38:44,508 - Finish: dnf update
2016-07-18 01:38:44,524 - Finish: chroot init
2016-07-18 01:38:44,526 - Start: build phase for icaro-1.0.4-1.fc25.src.rpm
2016-07-18 01:38:44,530 - Start: build setup for icaro-1.0.4-1.fc25.src.rpm
2016-07-18 01:39:06,028 - Finish: build setup for icaro-1.0.4-1.fc25.src.rpm
2016-07-18 01:39:06,028 - Start: rpmbuild icaro-1.0.4-1.fc25.src.rpm
2016-07-18 01:39:06,142 - Start: clean chroot
2016-07-18 01:39:10,447 - Finish: clean chroot
